#
# There is insufficient memory for the Java Runtime Environment to continue.
# Native memory allocation (malloc) failed to allocate 2961568 bytes for Chunk::new
# Possible reasons:
#   The system is out of physical RAM or swap space
#   The process is running with CompressedOops enabled, and the Java Heap may be blocking the growth of the native heap
# Possible solutions:
#   Reduce memory load on the system
#   Increase physical memory or swap space
#   Check if swap backing store is full
#   Decrease Java heap size (-Xmx/-Xms)
#   Decrease number of Java threads
#   Decrease Java thread stack sizes (-Xss)
#   Set larger code cache with -XX:ReservedCodeCacheSize=
#   JVM is running with Zero Based Compressed Oops mode in which the Java heap is
#     placed in the first 32GB address space. The Java Heap base address is the
#     maximum limit for the native heap growth. Please use -XX:HeapBaseMinAddress
#     to set the Java Heap base and to place the Java Heap above 32GB virtual address.
# This output file may be truncated or incomplete.
#
#  Out of Memory Error (arena.cpp:168), pid=2876, tid=6668
#
# JRE version: OpenJDK Runtime Environment (21.0.2+13) (build 21.0.2+13-58)
# Java VM: OpenJDK 64-Bit Server VM (21.0.2+13-58, mixed mode, sharing, tiered, compressed oops, compressed class ptrs, g1 gc, windows-amd64)
# No core dump will be written. Minidumps are not enabled by default on client versions of Windows
#

---------------  S U M M A R Y ------------

Command Line: -agentlib:jdwp=transport=dt_socket,server=n,suspend=y,address=127.0.0.1:51364 -Dfile.encoding=UTF-8 -Duser.country=KR -Duser.language=ko -Duser.variant com.ToDo.ListApplication

Host: Intel(R) Core(TM) i7-4770 CPU @ 3.40GHz, 8 cores, 15G,  Windows 10 , 64 bit Build 19041 (10.0.19041.5915)
Time: Fri Oct 24 15:46:49 2025  Windows 10 , 64 bit Build 19041 (10.0.19041.5915) elapsed time: 7.016804 seconds (0d 0h 0m 7s)

---------------  T H R E A D  ---------------

Current thread (0x00000294f3dcbec0):  JavaThread "C2 CompilerThread1" daemon [_thread_in_native, id=6668, stack(0x000000a42ba00000,0x000000a42bb00000) (1024K)]


Current CompileTask:
C2:   7016 6004       4       org.springframework.beans.factory.support.AbstractBeanFactory::isTypeMatch (745 bytes)

Stack: [0x000000a42ba00000,0x000000a42bb00000]
Native frames: (J=compiled Java code, j=interpreted, Vv=VM code, C=native code)
V  [jvm.dll+0x6cade9]
V  [jvm.dll+0x8569c1]
V  [jvm.dll+0x858d2e]
V  [jvm.dll+0x859413]
V  [jvm.dll+0x280e56]
V  [jvm.dll+0xc3f3d]
V  [jvm.dll+0xc4473]
V  [jvm.dll+0x3b5c2c]
V  [jvm.dll+0x1e2209]
V  [jvm.dll+0x249d22]
V  [jvm.dll+0x2491b1]
V  [jvm.dll+0x1c9634]
V  [jvm.dll+0x258859]
V  [jvm.dll+0x256e3a]
V  [jvm.dll+0x3ef6c6]
V  [jvm.dll+0x7ff568]
V  [jvm.dll+0x6c953d]
C  [ucrtbase.dll+0x21bb2]
C  [KERNEL32.DLL+0x17374]
C  [ntdll.dll+0x4cc91]


---------------  P R O C E S S  ---------------

Threads class SMR info:
_java_thread_list=0x00000294fe45c880, length=35, elements={
0x00000294f3acbd40, 0x00000294f3aceb20, 0x00000294f3ad1a10, 0x00000294f3ad4480,
0x00000294f3ad4ee0, 0x00000294f3ad8e40, 0x00000294f3adbbe0, 0x00000294f3ae66a0,
0x00000294f3ccd610, 0x00000294f3ccdc90, 0x00000294f3ce4400, 0x00000294f3ce6c30,
0x00000294f3ce92f0, 0x00000294f3dcbec0, 0x00000294f3f675b0, 0x00000294fbe1aff0,
0x00000294fb9e6130, 0x00000294fbea7e30, 0x00000294f92dec90, 0x00000294fc0a1000,
0x00000294fc0a23b0, 0x00000294fc0a0970, 0x00000294fc0a1690, 0x00000294fc09ce60,
0x00000294fc0a30d0, 0x00000294fc0a1d20, 0x00000294fc0a3760, 0x00000294fc0a3df0,
0x00000294fc09fc50, 0x00000294fc09db80, 0x00000294fc0a4480, 0x00000294fc09e210,
0x00000294fc09d4f0, 0x00000294fc09e8a0, 0x00000294fc09ef30
}

Java Threads: ( => current thread )
  0x00000294f3acbd40 JavaThread "Reference Handler"          daemon [_thread_blocked, id=7128, stack(0x000000a42ad00000,0x000000a42ae00000) (1024K)]
  0x00000294f3aceb20 JavaThread "Finalizer"                  daemon [_thread_blocked, id=3500, stack(0x000000a42ae00000,0x000000a42af00000) (1024K)]
  0x00000294f3ad1a10 JavaThread "Signal Dispatcher"          daemon [_thread_blocked, id=5080, stack(0x000000a42af00000,0x000000a42b000000) (1024K)]
  0x00000294f3ad4480 JavaThread "Attach Listener"            daemon [_thread_blocked, id=1800, stack(0x000000a42b000000,0x000000a42b100000) (1024K)]
  0x00000294f3ad4ee0 JavaThread "Service Thread"             daemon [_thread_blocked, id=5776, stack(0x000000a42b100000,0x000000a42b200000) (1024K)]
  0x00000294f3ad8e40 JavaThread "Monitor Deflation Thread"   daemon [_thread_blocked, id=5260, stack(0x000000a42b200000,0x000000a42b300000) (1024K)]
  0x00000294f3adbbe0 JavaThread "C2 CompilerThread0"         daemon [_thread_in_native, id=7496, stack(0x000000a42b300000,0x000000a42b400000) (1024K)]
  0x00000294f3ae66a0 JavaThread "C1 CompilerThread0"         daemon [_thread_blocked, id=10360, stack(0x000000a42b400000,0x000000a42b500000) (1024K)]
  0x00000294f3ccd610 JavaThread "JDWP Transport Listener: dt_socket" daemon [_thread_blocked, id=8244, stack(0x000000a42b500000,0x000000a42b600000) (1024K)]
  0x00000294f3ccdc90 JavaThread "JDWP Event Helper Thread"   daemon [_thread_blocked, id=7972, stack(0x000000a42b600000,0x000000a42b700000) (1024K)]
  0x00000294f3ce4400 JavaThread "JDWP Command Reader"        daemon [_thread_in_native, id=12768, stack(0x000000a42b700000,0x000000a42b800000) (1024K)]
  0x00000294f3ce6c30 JavaThread "Notification Thread"        daemon [_thread_blocked, id=5300, stack(0x000000a42b800000,0x000000a42b900000) (1024K)]
  0x00000294f3ce92f0 JavaThread "Common-Cleaner"             daemon [_thread_blocked, id=4968, stack(0x000000a42b900000,0x000000a42ba00000) (1024K)]
=>0x00000294f3dcbec0 JavaThread "C2 CompilerThread1"         daemon [_thread_in_native, id=6668, stack(0x000000a42ba00000,0x000000a42bb00000) (1024K)]
  0x00000294f3f675b0 JavaThread "C2 CompilerThread2"         daemon [_thread_blocked, id=12476, stack(0x000000a42bb00000,0x000000a42bc00000) (1024K)]
  0x00000294fbe1aff0 JavaThread "Catalina-utility-1"                [_thread_blocked, id=9620, stack(0x000000a42c500000,0x000000a42c600000) (1024K)]
  0x00000294fb9e6130 JavaThread "Catalina-utility-2"                [_thread_blocked, id=3952, stack(0x000000a42c700000,0x000000a42c800000) (1024K)]
  0x00000294fbea7e30 JavaThread "container-0"                       [_thread_blocked, id=10220, stack(0x000000a42c800000,0x000000a42c900000) (1024K)]
  0x00000294f92dec90 JavaThread "HikariPool-1:housekeeper"   daemon [_thread_blocked, id=4936, stack(0x000000a42c900000,0x000000a42ca00000) (1024K)]
  0x00000294fc0a1000 JavaThread "HikariPool-1:connection-adder" daemon [_thread_blocked, id=5384, stack(0x000000a42ca00000,0x000000a42cb00000) (1024K)]
  0x00000294fc0a23b0 JavaThread "File Watcher"               daemon [_thread_blocked, id=5184, stack(0x000000a42cb00000,0x000000a42cc00000) (1024K)]
  0x00000294fc0a0970 JavaThread "Live Reload Server"         daemon [_thread_in_native, id=7940, stack(0x000000a42cd00000,0x000000a42ce00000) (1024K)]
  0x00000294fc0a1690 JavaThread "http-nio-8080-exec-1"       daemon [_thread_blocked, id=6092, stack(0x000000a42cc00000,0x000000a42cd00000) (1024K)]
  0x00000294fc09ce60 JavaThread "http-nio-8080-exec-2"       daemon [_thread_blocked, id=5432, stack(0x000000a42ce00000,0x000000a42cf00000) (1024K)]
  0x00000294fc0a30d0 JavaThread "http-nio-8080-exec-3"       daemon [_thread_blocked, id=13280, stack(0x000000a42cf00000,0x000000a42d000000) (1024K)]
  0x00000294fc0a1d20 JavaThread "http-nio-8080-exec-4"       daemon [_thread_blocked, id=13188, stack(0x000000a42d000000,0x000000a42d100000) (1024K)]
  0x00000294fc0a3760 JavaThread "http-nio-8080-exec-5"       daemon [_thread_blocked, id=6412, stack(0x000000a42d100000,0x000000a42d200000) (1024K)]
  0x00000294fc0a3df0 JavaThread "http-nio-8080-exec-6"       daemon [_thread_blocked, id=13044, stack(0x000000a42d200000,0x000000a42d300000) (1024K)]
  0x00000294fc09fc50 JavaThread "http-nio-8080-exec-7"       daemon [_thread_blocked, id=5840, stack(0x000000a42d300000,0x000000a42d400000) (1024K)]
  0x00000294fc09db80 JavaThread "http-nio-8080-exec-8"       daemon [_thread_blocked, id=10160, stack(0x000000a42d400000,0x000000a42d500000) (1024K)]
  0x00000294fc0a4480 JavaThread "http-nio-8080-exec-9"       daemon [_thread_blocked, id=3348, stack(0x000000a42d500000,0x000000a42d600000) (1024K)]
  0x00000294fc09e210 JavaThread "http-nio-8080-exec-10"      daemon [_thread_blocked, id=9696, stack(0x000000a42d600000,0x000000a42d700000) (1024K)]
  0x00000294fc09d4f0 JavaThread "http-nio-8080-Poller"       daemon [_thread_in_native, id=6004, stack(0x000000a42d700000,0x000000a42d800000) (1024K)]
  0x00000294fc09e8a0 JavaThread "http-nio-8080-Acceptor"     daemon [_thread_in_native, id=6100, stack(0x000000a42d800000,0x000000a42d900000) (1024K)]
  0x00000294fc09ef30 JavaThread "DestroyJavaVM"                     [_thread_blocked, id=13008, stack(0x000000a42a500000,0x000000a42a600000) (1024K)]
Total: 35

Other Threads:
  0x00000294f3ab4390 VMThread "VM Thread"                           [id=8688, stack(0x000000a42ac00000,0x000000a42ad00000) (1024K)]
  0x00000294f3a9c150 WatcherThread "VM Periodic Task Thread"        [id=2824, stack(0x000000a42ab00000,0x000000a42ac00000) (1024K)]
  0x00000294d29d5120 WorkerThread "GC Thread#0"                     [id=2996, stack(0x000000a42a600000,0x000000a42a700000) (1024K)]
  0x00000294f8942b50 WorkerThread "GC Thread#1"                     [id=3944, stack(0x000000a42be00000,0x000000a42bf00000) (1024K)]
  0x00000294f8942ef0 WorkerThread "GC Thread#2"                     [id=7088, stack(0x000000a42bf00000,0x000000a42c000000) (1024K)]
  0x00000294f8943290 WorkerThread "GC Thread#3"                     [id=13308, stack(0x000000a42c000000,0x000000a42c100000) (1024K)]
  0x00000294f8943a40 WorkerThread "GC Thread#4"                     [id=3336, stack(0x000000a42c100000,0x000000a42c200000) (1024K)]
  0x00000294f8943de0 WorkerThread "GC Thread#5"                     [id=11804, stack(0x000000a42c200000,0x000000a42c300000) (1024K)]
  0x00000294f8967050 WorkerThread "GC Thread#6"                     [id=1824, stack(0x000000a42c300000,0x000000a42c400000) (1024K)]
  0x00000294f89673f0 WorkerThread "GC Thread#7"                     [id=4748, stack(0x000000a42c400000,0x000000a42c500000) (1024K)]
  0x00000294d29e6990 ConcurrentGCThread "G1 Main Marker"            [id=3684, stack(0x000000a42a700000,0x000000a42a800000) (1024K)]
  0x00000294d29e7c30 WorkerThread "G1 Conc#0"                       [id=11144, stack(0x000000a42a800000,0x000000a42a900000) (1024K)]
  0x00000294f9eef360 WorkerThread "G1 Conc#1"                       [id=6136, stack(0x000000a42c600000,0x000000a42c700000) (1024K)]
  0x00000294d2a2e200 ConcurrentGCThread "G1 Refine#0"               [id=9328, stack(0x000000a42a900000,0x000000a42aa00000) (1024K)]
  0x00000294f395d550 ConcurrentGCThread "G1 Service"                [id=11172, stack(0x000000a42aa00000,0x000000a42ab00000) (1024K)]
Total: 15

Threads with active compile tasks:
C2 CompilerThread0     7038 5913       4       org.springframework.core.ResolvableType::forType (7 bytes)
C2 CompilerThread1     7039 6004       4       org.springframework.beans.factory.support.AbstractBeanFactory::isTypeMatch (745 bytes)
Total: 2

VM state: not at safepoint (normal execution)

VM Mutex/Monitor currently owned by a thread: None

Heap address: 0x0000000701200000, size: 4078 MB, Compressed Oops mode: Zero based, Oop shift amount: 3

CDS archive(s) mapped at: [0x0000029480000000-0x0000029480c90000-0x0000029480c90000), size 13172736, SharedBaseAddress: 0x0000029480000000, ArchiveRelocationMode: 1.
Compressed class space mapped at: 0x0000029481000000-0x00000294c1000000, reserved size: 1073741824
Narrow klass base: 0x0000029480000000, Narrow klass shift: 0, Narrow klass range: 0x100000000

GC Precious Log:
 CardTable entry size: 512
 Card Set container configuration: InlinePtr #cards 4 size 8 Array Of Cards #cards 16 size 48 Howl #buckets 8 coarsen threshold 3686 Howl Bitmap #cards 512 size 80 coarsen threshold 460 Card regions per heap region 1 cards per card region 4096
 CPUs: 8 total, 8 available
 Memory: 16305M
 Large Page Support: Disabled
 NUMA Support: Disabled
 Compressed Oops: Enabled (Zero based)
 Heap Region Size: 2M
 Heap Min Capacity: 8M
 Heap Initial Capacity: 256M
 Heap Max Capacity: 4078M
 Pre-touch: Disabled
 Parallel Workers: 8
 Concurrent Workers: 2
 Concurrent Refinement Workers: 8
 Periodic GC: Disabled

Heap:
 garbage-first heap   total 61440K, used 41670K [0x0000000701200000, 0x0000000800000000)
  region size 2048K, 9 young (18432K), 2 survivors (4096K)
 Metaspace       used 71619K, committed 72320K, reserved 1114112K
  class space    used 9627K, committed 9920K, reserved 1048576K

Heap Regions: E=young(eden), S=young(survivor), O=old, HS=humongous(starts), HC=humongous(continues), CS=collection set, F=free, TAMS=top-at-mark-start, PB=parsable bottom
|   0|0x0000000701200000, 0x0000000701400000, 0x0000000701400000|100%| O|  |TAMS 0x0000000701200000| PB 0x0000000701200000| Untracked 
|   1|0x0000000701400000, 0x0000000701600000, 0x0000000701600000|100%| O|  |TAMS 0x0000000701400000| PB 0x0000000701400000| Untracked 
|   2|0x0000000701600000, 0x0000000701800000, 0x0000000701800000|100%| O|  |TAMS 0x0000000701600000| PB 0x0000000701600000| Untracked 
|   3|0x0000000701800000, 0x0000000701800000, 0x0000000701a00000|  0%| F|  |TAMS 0x0000000701800000| PB 0x0000000701800000| Untracked 
|   4|0x0000000701a00000, 0x0000000701c00000, 0x0000000701c00000|100%| O|  |TAMS 0x0000000701a00000| PB 0x0000000701a00000| Untracked 
|   5|0x0000000701c00000, 0x0000000701e00000, 0x0000000701e00000|100%| O|  |TAMS 0x0000000701c00000| PB 0x0000000701c00000| Untracked 
|   6|0x0000000701e00000, 0x0000000702000000, 0x0000000702000000|100%| O|  |TAMS 0x0000000701e00000| PB 0x0000000701e00000| Untracked 
|   7|0x0000000702000000, 0x0000000702200000, 0x0000000702200000|100%| O|  |TAMS 0x0000000702000000| PB 0x0000000702000000| Untracked 
|   8|0x0000000702200000, 0x0000000702400000, 0x0000000702400000|100%| O|  |TAMS 0x0000000702200000| PB 0x0000000702200000| Untracked 
|   9|0x0000000702400000, 0x0000000702600000, 0x0000000702600000|100%| O|  |TAMS 0x0000000702400000| PB 0x0000000702400000| Untracked 
|  10|0x0000000702600000, 0x0000000702800000, 0x0000000702800000|100%| O|  |TAMS 0x0000000702600000| PB 0x0000000702600000| Untracked 
|  11|0x0000000702800000, 0x0000000702a00000, 0x0000000702a00000|100%| O|  |TAMS 0x0000000702800000| PB 0x0000000702800000| Untracked 
|  12|0x0000000702a00000, 0x0000000702c00000, 0x0000000702c00000|100%| O|  |TAMS 0x0000000702a00000| PB 0x0000000702a00000| Untracked 
|  13|0x0000000702c00000, 0x0000000702cb1b28, 0x0000000702e00000| 34%| O|  |TAMS 0x0000000702c00000| PB 0x0000000702c00000| Untracked 
|  14|0x0000000702e00000, 0x0000000702e00000, 0x0000000703000000|  0%| F|  |TAMS 0x0000000702e00000| PB 0x0000000702e00000| Untracked 
|  15|0x0000000703000000, 0x0000000703000000, 0x0000000703200000|  0%| F|  |TAMS 0x0000000703000000| PB 0x0000000703000000| Untracked 
|  16|0x0000000703200000, 0x0000000703400000, 0x0000000703400000|100%| S|CS|TAMS 0x0000000703200000| PB 0x0000000703200000| Complete 
|  17|0x0000000703400000, 0x0000000703600000, 0x0000000703600000|100%| S|CS|TAMS 0x0000000703400000| PB 0x0000000703400000| Complete 
|  18|0x0000000703600000, 0x0000000703600000, 0x0000000703800000|  0%| F|  |TAMS 0x0000000703600000| PB 0x0000000703600000| Untracked 
|  19|0x0000000703800000, 0x0000000703800000, 0x0000000703a00000|  0%| F|  |TAMS 0x0000000703800000| PB 0x0000000703800000| Untracked 
|  20|0x0000000703a00000, 0x0000000703a00000, 0x0000000703c00000|  0%| F|  |TAMS 0x0000000703a00000| PB 0x0000000703a00000| Untracked 
|  21|0x0000000703c00000, 0x0000000703c00000, 0x0000000703e00000|  0%| F|  |TAMS 0x0000000703c00000| PB 0x0000000703c00000| Untracked 
|  22|0x0000000703e00000, 0x0000000703e00000, 0x0000000704000000|  0%| F|  |TAMS 0x0000000703e00000| PB 0x0000000703e00000| Untracked 
|  23|0x0000000704000000, 0x000000070417d090, 0x0000000704200000| 74%| E|  |TAMS 0x0000000704000000| PB 0x0000000704000000| Complete 
|  24|0x0000000704200000, 0x0000000704400000, 0x0000000704400000|100%| E|CS|TAMS 0x0000000704200000| PB 0x0000000704200000| Complete 
| 102|0x000000070de00000, 0x000000070e000000, 0x000000070e000000|100%| E|CS|TAMS 0x000000070de00000| PB 0x000000070de00000| Complete 
| 103|0x000000070e000000, 0x000000070e200000, 0x000000070e200000|100%| E|CS|TAMS 0x000000070e000000| PB 0x000000070e000000| Complete 
| 104|0x000000070e200000, 0x000000070e400000, 0x000000070e400000|100%| E|CS|TAMS 0x000000070e200000| PB 0x000000070e200000| Complete 
| 126|0x0000000710e00000, 0x0000000711000000, 0x0000000711000000|100%| E|CS|TAMS 0x0000000710e00000| PB 0x0000000710e00000| Complete 
| 127|0x0000000711000000, 0x0000000711200000, 0x0000000711200000|100%| E|CS|TAMS 0x0000000711000000| PB 0x0000000711000000| Complete 

Card table byte_map: [0x00000294ec840000,0x00000294ed040000] _byte_map_base: 0x00000294e9037000

Marking Bits: (CMBitMap*) 0x00000294d29d6030
 Bits: [0x00000294ed040000, 0x00000294f0ff8000)

Polling page: 0x00000294d2800000

Metaspace:

Usage:
  Non-class:     60.54 MB used.
      Class:      9.40 MB used.
       Both:     69.94 MB used.

Virtual space:
  Non-class space:       64.00 MB reserved,      60.94 MB ( 95%) committed,  1 nodes.
      Class space:        1.00 GB reserved,       9.69 MB ( <1%) committed,  1 nodes.
             Both:        1.06 GB reserved,      70.62 MB (  6%) committed. 

Chunk freelists:
   Non-Class:  3.02 MB
       Class:  6.20 MB
        Both:  9.22 MB

MaxMetaspaceSize: unlimited
CompressedClassSpaceSize: 1.00 GB
Initial GC threshold: 21.00 MB
Current GC threshold: 99.00 MB
CDS: on
 - commit_granule_bytes: 65536.
 - commit_granule_words: 8192.
 - virtual_space_node_default_size: 8388608.
 - enlarge_chunks_in_place: 1.
 - use_allocation_guard: 0.


Internal statistics:

num_allocs_failed_limit: 9.
num_arena_births: 986.
num_arena_deaths: 0.
num_vsnodes_births: 2.
num_vsnodes_deaths: 0.
num_space_committed: 1130.
num_space_uncommitted: 0.
num_chunks_returned_to_freelist: 9.
num_chunks_taken_from_freelist: 3623.
num_chunk_merges: 6.
num_chunk_splits: 2633.
num_chunks_enlarged: 2066.
num_inconsistent_stats: 0.

CodeHeap 'non-profiled nmethods': size=120000Kb used=4117Kb max_used=4117Kb free=115882Kb
 bounds [0x00000294e40a0000, 0x00000294e44b0000, 0x00000294eb5d0000]
CodeHeap 'profiled nmethods': size=120000Kb used=11084Kb max_used=11084Kb free=108915Kb
 bounds [0x00000294dc5d0000, 0x00000294dd0b0000, 0x00000294e3b00000]
CodeHeap 'non-nmethods': size=5760Kb used=1756Kb max_used=1812Kb free=4003Kb
 bounds [0x00000294e3b00000, 0x00000294e3d70000, 0x00000294e40a0000]
 total_blobs=6161 nmethods=5437 adapters=628
 compilation: enabled
              stopped_count=0, restarted_count=0
 full_count=0

Compilation events (20 events):
Event: 6.915 Thread 0x00000294f3ae66a0 nmethod 6140 0x00000294dd0a4a10 code [0x00000294dd0a4bc0, 0x00000294dd0a4d38]
Event: 6.917 Thread 0x00000294f3ae66a0 6141       1       sun.reflect.generics.tree.TypeVariableSignature::getIdentifier (5 bytes)
Event: 6.917 Thread 0x00000294f3ae66a0 nmethod 6141 0x00000294e449e510 code [0x00000294e449e6a0, 0x00000294e449e770]
Event: 6.917 Thread 0x00000294f3ae66a0 6142       1       sun.reflect.generics.factory.CoreReflectionFactory::getScope (5 bytes)
Event: 6.917 Thread 0x00000294f3ae66a0 nmethod 6142 0x00000294e449e810 code [0x00000294e449e9a0, 0x00000294e449ea70]
Event: 6.919 Thread 0x00000294f3ae66a0 6143       3       java.util.LinkedHashSet::<init> (28 bytes)
Event: 6.920 Thread 0x00000294f3ae66a0 nmethod 6143 0x00000294dd0a4e10 code [0x00000294dd0a5040, 0x00000294dd0a5508]
Event: 6.923 Thread 0x00000294f3ae66a0 6144       3       java.lang.Thread::isVirtual (5 bytes)
Event: 6.923 Thread 0x00000294f3ae66a0 nmethod 6144 0x00000294dd0a5710 code [0x00000294dd0a58c0, 0x00000294dd0a5ac8]
Event: 6.929 Thread 0x00000294f3f675b0 nmethod 6110 0x00000294e449eb10 code [0x00000294e449ed60, 0x00000294e449fd50]
Event: 6.929 Thread 0x00000294f3f675b0 6134       4       org.springframework.boot.autoconfigure.condition.ConditionEvaluationReport::lambda$addNoMatchOutcomeToAncestors$2 (41 bytes)
Event: 6.934 Thread 0x00000294f3adbbe0 nmethod 6133 0x00000294e44a0d10 code [0x00000294e44a0f60, 0x00000294e44a1cf8]
Event: 6.935 Thread 0x00000294f3adbbe0 5913       4       org.springframework.core.ResolvableType::forType (7 bytes)
Event: 6.943 Thread 0x00000294f3f675b0 nmethod 6134 0x00000294e44a2990 code [0x00000294e44a2be0, 0x00000294e44a3788]
Event: 6.943 Thread 0x00000294f3f675b0 6095       4       org.springframework.aop.framework.autoproxy.AbstractAutoProxyCreator::getCacheKey (29 bytes)
Event: 6.949 Thread 0x00000294f3f675b0 nmethod 6095 0x00000294e44a4210 code [0x00000294e44a43e0, 0x00000294e44a4a10]
Event: 6.949 Thread 0x00000294f3f675b0 5893       4       java.util.Collections$EmptySet::iterator (4 bytes)
Event: 6.949 Thread 0x00000294f3f675b0 nmethod 5893 0x00000294e44a5010 code [0x00000294e44a51a0, 0x00000294e44a5230]
Event: 6.949 Thread 0x00000294f3f675b0 6115       4       org.springframework.util.ConcurrentReferenceHashMap$Segment::createReferenceArray (5 bytes)
Event: 6.949 Thread 0x00000294f3f675b0 nmethod 6115 0x00000294e44a5310 code [0x00000294e44a54a0, 0x00000294e44a5650]

GC Heap History (20 events):
Event: 1.624 GC heap before
{Heap before GC invocations=2 (full 0):
 garbage-first heap   total 262144K, used 49994K [0x0000000701200000, 0x0000000800000000)
  region size 2048K, 23 young (47104K), 2 survivors (4096K)
 Metaspace       used 21142K, committed 21504K, reserved 1114112K
  class space    used 2706K, committed 2880K, reserved 1048576K
}
Event: 1.628 GC heap after
{Heap after GC invocations=3 (full 0):
 garbage-first heap   total 262144K, used 12443K [0x0000000701200000, 0x0000000800000000)
  region size 2048K, 3 young (6144K), 3 survivors (6144K)
 Metaspace       used 21142K, committed 21504K, reserved 1114112K
  class space    used 2706K, committed 2880K, reserved 1048576K
}
Event: 2.244 GC heap before
{Heap before GC invocations=4 (full 0):
 garbage-first heap   total 61440K, used 43163K [0x0000000701200000, 0x0000000800000000)
  region size 2048K, 18 young (36864K), 3 survivors (6144K)
 Metaspace       used 25096K, committed 25536K, reserved 1114112K
  class space    used 3199K, committed 3392K, reserved 1048576K
}
Event: 2.252 GC heap after
{Heap after GC invocations=5 (full 0):
 garbage-first heap   total 61440K, used 15421K [0x0000000701200000, 0x0000000800000000)
  region size 2048K, 2 young (4096K), 2 survivors (4096K)
 Metaspace       used 25096K, committed 25536K, reserved 1114112K
  class space    used 3199K, committed 3392K, reserved 1048576K
}
Event: 2.991 GC heap before
{Heap before GC invocations=5 (full 0):
 garbage-first heap   total 61440K, used 44093K [0x0000000701200000, 0x0000000800000000)
  region size 2048K, 16 young (32768K), 2 survivors (4096K)
 Metaspace       used 30755K, committed 31232K, reserved 1114112K
  class space    used 3989K, committed 4160K, reserved 1048576K
}
Event: 2.997 GC heap after
{Heap after GC invocations=6 (full 0):
 garbage-first heap   total 61440K, used 17977K [0x0000000701200000, 0x0000000800000000)
  region size 2048K, 2 young (4096K), 2 survivors (4096K)
 Metaspace       used 30755K, committed 31232K, reserved 1114112K
  class space    used 3989K, committed 4160K, reserved 1048576K
}
Event: 3.594 GC heap before
{Heap before GC invocations=6 (full 0):
 garbage-first heap   total 61440K, used 42553K [0x0000000701200000, 0x0000000800000000)
  region size 2048K, 15 young (30720K), 2 survivors (4096K)
 Metaspace       used 35574K, committed 36096K, reserved 1114112K
  class space    used 4572K, committed 4800K, reserved 1048576K
}
Event: 3.599 GC heap after
{Heap after GC invocations=7 (full 0):
 garbage-first heap   total 61440K, used 20409K [0x0000000701200000, 0x0000000800000000)
  region size 2048K, 2 young (4096K), 2 survivors (4096K)
 Metaspace       used 35574K, committed 36096K, reserved 1114112K
  class space    used 4572K, committed 4800K, reserved 1048576K
}
Event: 4.204 GC heap before
{Heap before GC invocations=8 (full 0):
 garbage-first heap   total 61440K, used 44985K [0x0000000701200000, 0x0000000800000000)
  region size 2048K, 15 young (30720K), 2 survivors (4096K)
 Metaspace       used 42697K, committed 43200K, reserved 1114112K
  class space    used 5653K, committed 5888K, reserved 1048576K
}
Event: 4.208 GC heap after
{Heap after GC invocations=9 (full 0):
 garbage-first heap   total 61440K, used 22039K [0x0000000701200000, 0x0000000800000000)
  region size 2048K, 1 young (2048K), 1 survivors (2048K)
 Metaspace       used 42697K, committed 43200K, reserved 1114112K
  class space    used 5653K, committed 5888K, reserved 1048576K
}
Event: 4.793 GC heap before
{Heap before GC invocations=9 (full 0):
 garbage-first heap   total 61440K, used 48663K [0x0000000701200000, 0x0000000800000000)
  region size 2048K, 15 young (30720K), 1 survivors (2048K)
 Metaspace       used 50738K, committed 51392K, reserved 1114112K
  class space    used 6622K, committed 6912K, reserved 1048576K
}
Event: 4.795 GC heap after
{Heap after GC invocations=10 (full 0):
 garbage-first heap   total 61440K, used 24159K [0x0000000701200000, 0x0000000800000000)
  region size 2048K, 2 young (4096K), 2 survivors (4096K)
 Metaspace       used 50738K, committed 51392K, reserved 1114112K
  class space    used 6622K, committed 6912K, reserved 1048576K
}
Event: 5.455 GC heap before
{Heap before GC invocations=10 (full 0):
 garbage-first heap   total 61440K, used 50783K [0x0000000701200000, 0x0000000800000000)
  region size 2048K, 15 young (30720K), 2 survivors (4096K)
 Metaspace       used 58765K, committed 59328K, reserved 1114112K
  class space    used 7863K, committed 8128K, reserved 1048576K
}
Event: 5.460 GC heap after
{Heap after GC invocations=11 (full 0):
 garbage-first heap   total 61440K, used 25270K [0x0000000701200000, 0x0000000800000000)
  region size 2048K, 2 young (4096K), 2 survivors (4096K)
 Metaspace       used 58765K, committed 59328K, reserved 1114112K
  class space    used 7863K, committed 8128K, reserved 1048576K
}
Event: 5.596 GC heap before
{Heap before GC invocations=11 (full 0):
 garbage-first heap   total 61440K, used 31414K [0x0000000701200000, 0x0000000800000000)
  region size 2048K, 6 young (12288K), 2 survivors (4096K)
 Metaspace       used 60014K, committed 60608K, reserved 1114112K
  class space    used 8017K, committed 8320K, reserved 1048576K
}
Event: 5.599 GC heap after
{Heap after GC invocations=12 (full 0):
 garbage-first heap   total 61440K, used 25658K [0x0000000701200000, 0x0000000800000000)
  region size 2048K, 1 young (2048K), 1 survivors (2048K)
 Metaspace       used 60014K, committed 60608K, reserved 1114112K
  class space    used 8017K, committed 8320K, reserved 1048576K
}
Event: 6.061 GC heap before
{Heap before GC invocations=13 (full 0):
 garbage-first heap   total 61440K, used 50234K [0x0000000701200000, 0x0000000800000000)
  region size 2048K, 14 young (28672K), 1 survivors (2048K)
 Metaspace       used 64458K, committed 65152K, reserved 1114112K
  class space    used 8712K, committed 9024K, reserved 1048576K
}
Event: 6.064 GC heap after
{Heap after GC invocations=14 (full 0):
 garbage-first heap   total 61440K, used 27465K [0x0000000701200000, 0x0000000800000000)
  region size 2048K, 2 young (4096K), 2 survivors (4096K)
 Metaspace       used 64458K, committed 65152K, reserved 1114112K
  class space    used 8712K, committed 9024K, reserved 1048576K
}
Event: 6.617 GC heap before
{Heap before GC invocations=14 (full 0):
 garbage-first heap   total 61440K, used 52041K [0x0000000701200000, 0x0000000800000000)
  region size 2048K, 14 young (28672K), 2 survivors (4096K)
 Metaspace       used 69477K, committed 70144K, reserved 1114112K
  class space    used 9335K, committed 9600K, reserved 1048576K
}
Event: 6.624 GC heap after
{Heap after GC invocations=15 (full 0):
 garbage-first heap   total 61440K, used 29382K [0x0000000701200000, 0x0000000800000000)
  region size 2048K, 2 young (4096K), 2 survivors (4096K)
 Metaspace       used 69477K, committed 70144K, reserved 1114112K
  class space    used 9335K, committed 9600K, reserved 1048576K
}

Dll operation events (10 events):
Event: 0.006 Loaded shared library C:\Program Files\Java\jdk-21.0.2\bin\java.dll
Event: 0.033 Loaded shared library C:\Program Files\Java\jdk-21.0.2\bin\jsvml.dll
Event: 0.112 Loaded shared library C:\Program Files\Java\jdk-21.0.2\bin\net.dll
Event: 0.113 Loaded shared library C:\Program Files\Java\jdk-21.0.2\bin\nio.dll
Event: 0.117 Loaded shared library C:\Program Files\Java\jdk-21.0.2\bin\zip.dll
Event: 0.256 Loaded shared library C:\Program Files\Java\jdk-21.0.2\bin\jimage.dll
Event: 0.503 Loaded shared library C:\Program Files\Java\jdk-21.0.2\bin\management.dll
Event: 0.509 Loaded shared library C:\Program Files\Java\jdk-21.0.2\bin\management_ext.dll
Event: 1.737 Loaded shared library C:\Program Files\Java\jdk-21.0.2\bin\sunmscapi.dll
Event: 6.861 Loaded shared library C:\Program Files\Java\jdk-21.0.2\bin\extnet.dll

Deoptimization events (20 events):
Event: 6.865 Thread 0x00000294f8910a80 DEOPT PACKING pc=0x00000294dcc805b4 sp=0x000000a42bdfdd30
Event: 6.865 Thread 0x00000294f8910a80 DEOPT UNPACKING pc=0x00000294e3b54e42 sp=0x000000a42bdfd298 mode 1
Event: 6.865 Thread 0x00000294f8910a80 DEOPT PACKING pc=0x00000294dcc805b4 sp=0x000000a42bdfdd30
Event: 6.865 Thread 0x00000294f8910a80 DEOPT UNPACKING pc=0x00000294e3b54e42 sp=0x000000a42bdfd298 mode 1
Event: 6.866 Thread 0x00000294f8910a80 DEOPT PACKING pc=0x00000294dcc805b4 sp=0x000000a42bdfdd30
Event: 6.866 Thread 0x00000294f8910a80 DEOPT UNPACKING pc=0x00000294e3b54e42 sp=0x000000a42bdfd298 mode 1
Event: 6.866 Thread 0x00000294f8910a80 DEOPT PACKING pc=0x00000294dcc805b4 sp=0x000000a42bdfdd30
Event: 6.866 Thread 0x00000294f8910a80 DEOPT UNPACKING pc=0x00000294e3b54e42 sp=0x000000a42bdfd298 mode 1
Event: 6.873 Thread 0x00000294f8910a80 Uncommon trap: trap_request=0xffffff45 fr.pc=0x00000294e4111b8c relative=0x000000000000006c
Event: 6.873 Thread 0x00000294f8910a80 Uncommon trap: reason=unstable_if action=reinterpret pc=0x00000294e4111b8c method=org.springframework.util.ConcurrentReferenceHashMap$Segment.clear()V @ 7 c2
Event: 6.873 Thread 0x00000294f8910a80 DEOPT PACKING pc=0x00000294e4111b8c sp=0x000000a42bdfeb50
Event: 6.873 Thread 0x00000294f8910a80 DEOPT UNPACKING pc=0x00000294e3b546a2 sp=0x000000a42bdfeae0 mode 2
Event: 6.875 Thread 0x00000294f8910a80 Uncommon trap: trap_request=0xffffff45 fr.pc=0x00000294e41333e4 relative=0x0000000000000124
Event: 6.875 Thread 0x00000294f8910a80 Uncommon trap: reason=unstable_if action=reinterpret pc=0x00000294e41333e4 method=java.lang.ref.ReferenceQueue.poll()Ljava/lang/ref/Reference; @ 4 c2
Event: 6.875 Thread 0x00000294f8910a80 DEOPT PACKING pc=0x00000294e41333e4 sp=0x000000a42bdfe860
Event: 6.875 Thread 0x00000294f8910a80 DEOPT UNPACKING pc=0x00000294e3b546a2 sp=0x000000a42bdfe728 mode 2
Event: 6.897 Thread 0x00000294f8910a80 Uncommon trap: trap_request=0xffffff45 fr.pc=0x00000294e430bfe4 relative=0x00000000000006a4
Event: 6.897 Thread 0x00000294f8910a80 Uncommon trap: reason=unstable_if action=reinterpret pc=0x00000294e430bfe4 method=java.lang.String.<init>(Ljava/nio/charset/Charset;[BII)V @ 6 c2
Event: 6.897 Thread 0x00000294f8910a80 DEOPT PACKING pc=0x00000294e430bfe4 sp=0x000000a42bdfdd40
Event: 6.897 Thread 0x00000294f8910a80 DEOPT UNPACKING pc=0x00000294e3b546a2 sp=0x000000a42bdfdd10 mode 2

Classes loaded (20 events):
Event: 6.921 Loading class java/beans/WeakIdentityMap done
Event: 6.921 Loading class java/beans/ThreadGroupContext$1 done
Event: 6.921 Loading class java/beans/WeakIdentityMap$Entry
Event: 6.921 Loading class java/beans/WeakIdentityMap$Entry done
Event: 6.921 Loading class com/sun/beans/introspect/ClassInfo
Event: 6.921 Loading class com/sun/beans/introspect/ClassInfo done
Event: 6.921 Loading class com/sun/beans/introspect/ClassInfo$1
Event: 6.921 Loading class com/sun/beans/util/Cache
Event: 6.921 Loading class com/sun/beans/util/Cache done
Event: 6.921 Loading class com/sun/beans/introspect/ClassInfo$1 done
Event: 6.921 Loading class com/sun/beans/util/Cache$Kind
Event: 6.922 Loading class com/sun/beans/util/Cache$Kind done
Event: 6.922 Loading class com/sun/beans/util/Cache$Kind$1
Event: 6.922 Loading class com/sun/beans/util/Cache$Kind$1 done
Event: 6.922 Loading class com/sun/beans/util/Cache$Kind$2
Event: 6.922 Loading class com/sun/beans/util/Cache$Kind$2 done
Event: 6.922 Loading class com/sun/beans/util/Cache$Kind$3
Event: 6.922 Loading class com/sun/beans/util/Cache$Kind$3 done
Event: 6.922 Loading class com/sun/beans/util/Cache$CacheEntry
Event: 6.922 Loading class com/sun/beans/util/Cache$CacheEntry done

Classes unloaded (0 events):
No events

Classes redefined (0 events):
No events

Internal exceptions (20 events):
Event: 5.909 Thread 0x00000294f8910a80 Implicit null exception at 0x00000294e441c914 to 0x00000294e441e858
Event: 5.913 Thread 0x00000294f8910a80 Exception <a 'java/lang/IncompatibleClassChangeError'{0x00000007039adab0}: Found class java.lang.Object, but interface was expected> (0x00000007039adab0) 
thrown [s\open\src\hotspot\share\interpreter\linkResolver.cpp, line 840]
Event: 5.951 Thread 0x00000294f8910a80 Exception <a 'java/lang/IncompatibleClassChangeError'{0x0000000703744548}: Found class java.lang.Object, but interface was expected> (0x0000000703744548) 
thrown [s\open\src\hotspot\share\interpreter\linkResolver.cpp, line 840]
Event: 6.066 Thread 0x00000294f8910a80 Exception <a 'java/lang/IncompatibleClassChangeError'{0x00000007110027e8}: Found class java.lang.Object, but interface was expected> (0x00000007110027e8) 
thrown [s\open\src\hotspot\share\interpreter\linkResolver.cpp, line 840]
Event: 6.171 Thread 0x00000294f8910a80 Exception <a 'java/lang/IncompatibleClassChangeError'{0x000000070e3368a0}: Found class java.lang.Object, but interface was expected> (0x000000070e3368a0) 
thrown [s\open\src\hotspot\share\interpreter\linkResolver.cpp, line 840]
Event: 6.171 Thread 0x00000294f8910a80 Exception <a 'java/lang/IncompatibleClassChangeError'{0x000000070e33c028}: Found class java.lang.Object, but interface was expected> (0x000000070e33c028) 
thrown [s\open\src\hotspot\share\interpreter\linkResolver.cpp, line 840]
Event: 6.235 Thread 0x00000294f8910a80 Exception <a 'java/lang/NoSuchMethodError'{0x000000070de46d10}: 'int java.lang.invoke.DirectMethodHandle$Holder.invokeStaticInit(java.lang.Object, int, java.lang.Object, java.lang.Object, java.lang.Object, java.lang.Object)'> (0x000000070de46d10) 
thrown [s\open\src\hotspot\share\interpreter\linkResolver.cpp, line 773]
Event: 6.272 Thread 0x00000294f8910a80 Exception <a 'java/lang/NoSuchMethodError'{0x000000070dfdee10}: 'java.lang.Object java.lang.invoke.DirectMethodHandle$Holder.invokeStatic(java.lang.Object, int, java.lang.Object, java.lang.Object)'> (0x000000070dfdee10) 
thrown [s\open\src\hotspot\share\interpreter\linkResolver.cpp, line 773]
Event: 6.272 Thread 0x00000294f8910a80 Exception <a 'java/lang/NoSuchMethodError'{0x000000070dfe2f08}: 'java.lang.Object java.lang.invoke.DirectMethodHandle$Holder.invokeSpecial(java.lang.Object, java.lang.Object, int, java.lang.Object, java.lang.Object)'> (0x000000070dfe2f08) 
thrown [s\open\src\hotspot\share\interpreter\linkResolver.cpp, line 773]
Event: 6.272 Thread 0x00000294f8910a80 Exception <a 'java/lang/NoSuchMethodError'{0x000000070dfe6938}: 'java.lang.Object java.lang.invoke.DelegatingMethodHandle$Holder.delegate(java.lang.Object, int, java.lang.Object, java.lang.Object)'> (0x000000070dfe6938) 
thrown [s\open\src\hotspot\share\interpreter\linkResolver.cpp, line 773]
Event: 6.274 Thread 0x00000294f8910a80 Exception <a 'java/lang/NoSuchMethodError'{0x000000070dff80d0}: 'int java.lang.invoke.Invokers$Holder.linkToTargetMethod(java.lang.Object, java.lang.Object, java.lang.Object)'> (0x000000070dff80d0) 
thrown [s\open\src\hotspot\share\interpreter\linkResolver.cpp, line 773]
Event: 6.338 Thread 0x00000294f8910a80 Exception <a 'java/lang/NoSuchMethodError'{0x00000007043e3a90}: 'java.lang.Object java.lang.invoke.DirectMethodHandle$Holder.invokeInterface(java.lang.Object, java.lang.Object, java.lang.Object, java.lang.Object)'> (0x00000007043e3a90) 
thrown [s\open\src\hotspot\share\interpreter\linkResolver.cpp, line 773]
Event: 6.377 Thread 0x00000294f8910a80 Exception <a 'java/lang/NoSuchMethodError'{0x0000000704182740}: 'java.lang.Object java.lang.invoke.DirectMethodHandle$Holder.newInvokeSpecial(java.lang.Object, java.lang.Object, java.lang.Object, java.lang.Object, java.lang.Object, java.lang.Object, java.lang.Object, java.lang.Object)'> (0x0000000704182740) 
thrown [s\open\src\hotspot\share\interpreter\linkResolver.cpp, line 773]
Event: 6.552 Thread 0x00000294f8910a80 Exception <a 'java/lang/NoSuchMethodError'{0x00000007038ec738}: 'void java.lang.invoke.Invokers$Holder.invokeExact_MT(java.lang.Object, java.lang.Object, java.lang.Object, java.lang.Object)'> (0x00000007038ec738) 
thrown [s\open\src\hotspot\share\interpreter\linkResolver.cpp, line 773]
Event: 6.587 Thread 0x00000294f8910a80 Exception <a 'java/lang/IncompatibleClassChangeError'{0x00000007036d4be0}: Found class java.lang.Object, but interface was expected> (0x00000007036d4be0) 
thrown [s\open\src\hotspot\share\interpreter\linkResolver.cpp, line 840]
Event: 6.611 Thread 0x00000294f8910a80 Implicit null exception at 0x00000294e41e1fcb to 0x00000294e41e209c
Event: 6.671 Thread 0x00000294f8910a80 Exception <a 'java/lang/NoSuchMethodError'{0x0000000710e3b040}: 'int java.lang.invoke.DirectMethodHandle$Holder.invokeStaticInit(java.lang.Object, java.lang.Object, java.lang.Object, java.lang.Object)'> (0x0000000710e3b040) 
thrown [s\open\src\hotspot\share\interpreter\linkResolver.cpp, line 773]
Event: 6.748 Thread 0x00000294f8910a80 Exception <a 'java/lang/IncompatibleClassChangeError'{0x000000070e35d310}: Found class java.lang.Object, but interface was expected> (0x000000070e35d310) 
thrown [s\open\src\hotspot\share\interpreter\linkResolver.cpp, line 840]
Event: 6.785 Thread 0x00000294f8910a80 Exception <a 'java/lang/NoSuchMethodError'{0x000000070e0c05f8}: 'java.lang.Object java.lang.invoke.Invokers$Holder.invoke_MT(java.lang.Object, java.lang.Object, java.lang.Object, java.lang.Object, java.lang.Object, java.lang.Object, java.lang.Object, java.lang.Object, java.lang.Object, java.lang.Object, java.lang.Object)'> (0x000000070e0c05f8) 
thrown [s\open\src\hotspot\share\interpreter\linkResolver.cpp, line 773]
Event: 6.877 Thread 0x00000294f8910a80 Exception <a 'java/lang/NoSuchMethodError'{0x0000000704239a60}: 'java.lang.Object java.lang.invoke.DirectMethodHandle$Holder.newInvokeSpecial(java.lang.Object, java.lang.Object, int, java.lang.Object, java.lang.Object)'> (0x0000000704239a60) 
thrown [s\open\src\hotspot\share\interpreter\linkResolver.cpp, line 773]

ZGC Phase Switch (0 events):
No events

VM Operations (20 events):
Event: 6.079 Executing VM operation: HandshakeAllThreads (Deoptimize)
Event: 6.080 Executing VM operation: HandshakeAllThreads (Deoptimize) done
Event: 6.080 Executing VM operation: HandshakeAllThreads (Deoptimize)
Event: 6.080 Executing VM operation: HandshakeAllThreads (Deoptimize) done
Event: 6.256 Executing VM operation: HandshakeAllThreads (Deoptimize)
Event: 6.257 Executing VM operation: HandshakeAllThreads (Deoptimize) done
Event: 6.260 Executing VM operation: HandshakeAllThreads (Deoptimize)
Event: 6.260 Executing VM operation: HandshakeAllThreads (Deoptimize) done
Event: 6.448 Executing VM operation: HandshakeAllThreads (Deoptimize)
Event: 6.448 Executing VM operation: HandshakeAllThreads (Deoptimize) done
Event: 6.478 Executing VM operation: HandshakeAllThreads (Deoptimize)
Event: 6.478 Executing VM operation: HandshakeAllThreads (Deoptimize) done
Event: 6.478 Executing VM operation: HandshakeAllThreads (Deoptimize)
Event: 6.478 Executing VM operation: HandshakeAllThreads (Deoptimize) done
Event: 6.617 Executing VM operation: G1CollectForAllocation (G1 Evacuation Pause)
Event: 6.624 Executing VM operation: G1CollectForAllocation (G1 Evacuation Pause) done
Event: 6.651 Executing VM operation: HandshakeAllThreads (Deoptimize)
Event: 6.651 Executing VM operation: HandshakeAllThreads (Deoptimize) done
Event: 6.875 Executing VM operation: HandshakeAllThreads (Deoptimize)
Event: 6.875 Executing VM operation: HandshakeAllThreads (Deoptimize) done

Events (20 events):
Event: 6.851 Thread 0x00000294fc0a23b0 Thread added: 0x00000294fc0a23b0
Event: 6.864 Thread 0x00000294fc09ef30 Thread added: 0x00000294fc09ef30
Event: 6.864 Thread 0x00000294fc09ef30 Thread exited: 0x00000294fc09ef30
Event: 6.864 Thread 0x00000294fc0a0970 Thread added: 0x00000294fc0a0970
Event: 6.887 Thread 0x00000294fc0a1690 Thread added: 0x00000294fc0a1690
Event: 6.887 Thread 0x00000294fc09ce60 Thread added: 0x00000294fc09ce60
Event: 6.887 Thread 0x00000294fc0a30d0 Thread added: 0x00000294fc0a30d0
Event: 6.887 Thread 0x00000294fc0a1d20 Thread added: 0x00000294fc0a1d20
Event: 6.887 Thread 0x00000294fc0a3760 Thread added: 0x00000294fc0a3760
Event: 6.887 Thread 0x00000294fc0a3df0 Thread added: 0x00000294fc0a3df0
Event: 6.887 Thread 0x00000294fc09fc50 Thread added: 0x00000294fc09fc50
Event: 6.888 Thread 0x00000294fc09db80 Thread added: 0x00000294fc09db80
Event: 6.888 Thread 0x00000294fc0a4480 Thread added: 0x00000294fc0a4480
Event: 6.888 Thread 0x00000294fc09e210 Thread added: 0x00000294fc09e210
Event: 6.899 Thread 0x00000294fc09d4f0 Thread added: 0x00000294fc09d4f0
Event: 6.900 Thread 0x00000294fc09e8a0 Thread added: 0x00000294fc09e8a0
Event: 6.920 Thread 0x00000294f8910a80 Thread exited: 0x00000294f8910a80
Event: 6.923 Thread 0x00000294f8907f40 Thread exited: 0x00000294f8907f40
Event: 6.923 Thread 0x00000294d2870e10 Thread exited: 0x00000294d2870e10
Event: 6.923 Thread 0x00000294fc09ef30 Thread added: 0x00000294fc09ef30


Dynamic libraries:
0x00007ff745e10000 - 0x00007ff745e1e000 	C:\Program Files\Java\jdk-21.0.2\bin\java.exe
0x00007ffc047f0000 - 0x00007ffc049e8000 	C:\WINDOWS\SYSTEM32\ntdll.dll
0x00007ffc03f80000 - 0x00007ffc04042000 	C:\WINDOWS\System32\KERNEL32.DLL
0x00007ffc020f0000 - 0x00007ffc023e6000 	C:\WINDOWS\System32\KERNELBASE.dll
0x00007ffc01fc0000 - 0x00007ffc020c0000 	C:\WINDOWS\System32\ucrtbase.dll
0x00007ffbe89a0000 - 0x00007ffbe89b8000 	C:\Program Files\Java\jdk-21.0.2\bin\jli.dll
0x00007ffbe7030000 - 0x00007ffbe704b000 	C:\Program Files\Java\jdk-21.0.2\bin\VCRUNTIME140.dll
0x00007ffc03790000 - 0x00007ffc03931000 	C:\WINDOWS\System32\USER32.dll
0x00007ffbf48c0000 - 0x00007ffbf4b5b000 	C:\WINDOWS\WinSxS\amd64_microsoft.windows.common-controls_6595b64144ccf1df_6.0.19041.6456_none_60b8a6cb71f64256\COMCTL32.dll
0x00007ffc01f90000 - 0x00007ffc01fb2000 	C:\WINDOWS\System32\win32u.dll
0x00007ffc03600000 - 0x00007ffc0369e000 	C:\WINDOWS\System32\msvcrt.dll
0x00007ffc03c30000 - 0x00007ffc03c5b000 	C:\WINDOWS\System32\GDI32.dll
0x00007ffc02640000 - 0x00007ffc02759000 	C:\WINDOWS\System32\gdi32full.dll
0x00007ffc023f0000 - 0x00007ffc0248d000 	C:\WINDOWS\System32\msvcp_win.dll
0x00007ffc04780000 - 0x00007ffc047af000 	C:\WINDOWS\System32\IMM32.DLL
0x00007ffbfe460000 - 0x00007ffbfe46c000 	C:\Program Files\Java\jdk-21.0.2\bin\vcruntime140_1.dll
0x00007ffbd5760000 - 0x00007ffbd57ee000 	C:\Program Files\Java\jdk-21.0.2\bin\msvcp140.dll
0x00007ffbd4a40000 - 0x00007ffbd5757000 	C:\Program Files\Java\jdk-21.0.2\bin\server\jvm.dll
0x00007ffc03940000 - 0x00007ffc039f1000 	C:\WINDOWS\System32\ADVAPI32.dll
0x00007ffc03560000 - 0x00007ffc035ff000 	C:\WINDOWS\System32\sechost.dll
0x00007ffc03390000 - 0x00007ffc034b0000 	C:\WINDOWS\System32\RPCRT4.dll
0x00007ffc020c0000 - 0x00007ffc020e7000 	C:\WINDOWS\System32\bcrypt.dll
0x00007ffc046b0000 - 0x00007ffc0471b000 	C:\WINDOWS\System32\WS2_32.dll
0x00007ffc01900000 - 0x00007ffc0194b000 	C:\WINDOWS\SYSTEM32\POWRPROF.dll
0x00007ffbf1b40000 - 0x00007ffbf1b67000 	C:\WINDOWS\SYSTEM32\WINMM.dll
0x00007ffbf8d90000 - 0x00007ffbf8d9a000 	C:\WINDOWS\SYSTEM32\VERSION.dll
0x00007ffc018e0000 - 0x00007ffc018f2000 	C:\WINDOWS\SYSTEM32\UMPDC.dll
0x00007ffbffd10000 - 0x00007ffbffd22000 	C:\WINDOWS\SYSTEM32\kernel.appcore.dll
0x00007ffbfc0e0000 - 0x00007ffbfc0ea000 	C:\Program Files\Java\jdk-21.0.2\bin\jimage.dll
0x00007ffbf1900000 - 0x00007ffbf1b01000 	C:\WINDOWS\SYSTEM32\DBGHELP.DLL
0x00007ffbf0ea0000 - 0x00007ffbf0ed4000 	C:\WINDOWS\SYSTEM32\dbgcore.DLL
0x00007ffc01e80000 - 0x00007ffc01f02000 	C:\WINDOWS\System32\bcryptPrimitives.dll
0x00007ffbe7c70000 - 0x00007ffbe7cac000 	C:\Program Files\Java\jdk-21.0.2\bin\jdwp.dll
0x00007ffbe7010000 - 0x00007ffbe702f000 	C:\Program Files\Java\jdk-21.0.2\bin\java.dll
0x00007ffc02b70000 - 0x00007ffc032e0000 	C:\WINDOWS\System32\SHELL32.dll
0x00007ffbfff10000 - 0x00007ffc006b5000 	C:\WINDOWS\SYSTEM32\windows.storage.dll
0x00007ffc02810000 - 0x00007ffc02b64000 	C:\WINDOWS\System32\combase.dll
0x00007ffc01840000 - 0x00007ffc0186b000 	C:\WINDOWS\SYSTEM32\Wldp.dll
0x00007ffc03e50000 - 0x00007ffc03f1d000 	C:\WINDOWS\System32\OLEAUT32.dll
0x00007ffc03da0000 - 0x00007ffc03e4d000 	C:\WINDOWS\System32\SHCORE.dll
0x00007ffc04720000 - 0x00007ffc0477b000 	C:\WINDOWS\System32\shlwapi.dll
0x00007ffc01db0000 - 0x00007ffc01dd4000 	C:\WINDOWS\SYSTEM32\profapi.dll
0x00007ffbd4960000 - 0x00007ffbd4a37000 	C:\Program Files\Java\jdk-21.0.2\bin\jsvml.dll
0x00007ffbfdbd0000 - 0x00007ffbfdbdc000 	C:\Program Files\Java\jdk-21.0.2\bin\dt_socket.dll
0x00007ffc01210000 - 0x00007ffc0124b000 	C:\WINDOWS\SYSTEM32\IPHLPAPI.DLL
0x00007ffc01530000 - 0x00007ffc0159a000 	C:\WINDOWS\system32\mswsock.dll
0x00007ffbe7000000 - 0x00007ffbe7010000 	C:\Program Files\Java\jdk-21.0.2\bin\net.dll
0x00007ffbfbda0000 - 0x00007ffbfbeaa000 	C:\WINDOWS\SYSTEM32\WINHTTP.dll
0x00007ffbe6fe0000 - 0x00007ffbe6ff6000 	C:\Program Files\Java\jdk-21.0.2\bin\nio.dll
0x00007ffbe6fc0000 - 0x00007ffbe6fd8000 	C:\Program Files\Java\jdk-21.0.2\bin\zip.dll
0x00007ffbfca10000 - 0x00007ffbfca1a000 	C:\Program Files\Java\jdk-21.0.2\bin\management.dll
0x00007ffbfca00000 - 0x00007ffbfca0b000 	C:\Program Files\Java\jdk-21.0.2\bin\management_ext.dll
0x00007ffc034b0000 - 0x00007ffc034b8000 	C:\WINDOWS\System32\PSAPI.DLL
0x00007ffbebe90000 - 0x00007ffbebe9e000 	C:\Program Files\Java\jdk-21.0.2\bin\sunmscapi.dll
0x00007ffc024e0000 - 0x00007ffc0263d000 	C:\WINDOWS\System32\CRYPT32.dll
0x00007ffc018b0000 - 0x00007ffc018d7000 	C:\WINDOWS\SYSTEM32\ncrypt.dll
0x00007ffc01870000 - 0x00007ffc018ab000 	C:\WINDOWS\SYSTEM32\NTASN1.dll
0x00007ffc01730000 - 0x00007ffc01748000 	C:\WINDOWS\SYSTEM32\CRYPTSP.dll
0x00007ffc00e50000 - 0x00007ffc00e88000 	C:\WINDOWS\system32\rsaenh.dll
0x00007ffc01d30000 - 0x00007ffc01d5e000 	C:\WINDOWS\SYSTEM32\USERENV.dll
0x00007ffc01720000 - 0x00007ffc0172c000 	C:\WINDOWS\SYSTEM32\CRYPTBASE.dll
0x00007ffc036a0000 - 0x00007ffc036a8000 	C:\WINDOWS\System32\NSI.dll
0x00007ffbe6fb0000 - 0x00007ffbe6fb9000 	C:\Program Files\Java\jdk-21.0.2\bin\extnet.dll
0x00007ffbdfae0000 - 0x00007ffbdfae7000 	C:\WINDOWS\system32\wshunix.dll

dbghelp: loaded successfully - version: 4.0.5 - missing functions: none
symbol engine: initialized successfully - sym options: 0x614 - pdb path: .;C:\Program Files\Java\jdk-21.0.2\bin;C:\WINDOWS\SYSTEM32;C:\WINDOWS\WinSxS\amd64_microsoft.windows.common-controls_6595b64144ccf1df_6.0.19041.6456_none_60b8a6cb71f64256;C:\Program Files\Java\jdk-21.0.2\bin\server

VM Arguments:
jvm_args: -agentlib:jdwp=transport=dt_socket,server=n,suspend=y,address=127.0.0.1:51364 -Dfile.encoding=UTF-8 -Duser.country=KR -Duser.language=ko -Duser.variant 
java_command: com.ToDo.ListApplication
java_class_path (initial): D:\2025-04-28-wgs\springboot\List\build\classes\java\main;D:\2025-04-28-wgs\springboot\List\build\resources\main;C:\Users\human-09\.gradle\caches\modules-2\files-2.1\org.springframework.boot\spring-boot-devtools\3.5.7\c4e9491690ab0fb91883b3c2d9c9c2b5a9e25714\spring-boot-devtools-3.5.7.jar;C:\Users\human-09\.gradle\caches\modules-2\files-2.1\org.springframework.boot\spring-boot-starter-data-jpa\3.5.7\5db48c2790037b07013a327871142e922247533a\spring-boot-starter-data-jpa-3.5.7.jar;C:\Users\human-09\.gradle\caches\modules-2\files-2.1\org.springframework.boot\spring-boot-starter-thymeleaf\3.5.7\5981cf00d4cf2fd93b59f69e9ed24dcf8592bcad\spring-boot-starter-thymeleaf-3.5.7.jar;C:\Users\human-09\.gradle\caches\modules-2\files-2.1\org.springframework.boot\spring-boot-starter-validation\3.5.7\faff3bd84bcf3e880c4e95daa012feb85ba166dd\spring-boot-starter-validation-3.5.7.jar;C:\Users\human-09\.gradle\caches\modules-2\files-2.1\org.springframework.boot\spring-boot-starter-web\3.5.7\b98c28da1fe667776698882c27f68630c2747b87\spring-boot-starter-web-3.5.7.jar;C:\Users\human-09\.gradle\caches\modules-2\files-2.1\com.h2database\h2\1.4.200\f7533fe7cb8e99c87a43d325a77b4b678ad9031a\h2-1.4.200.jar;C:\Users\human-09\.gradle\caches\modules-2\files-2.1\org.springframework.boot\spring-boot-starter-jdbc\3.5.7\3e64a947b66284f6e164d6049bbb8060d702108c\spring-boot-starter-jdbc-3.5.7.jar;C:\Users\human-09\.gradle\caches\modules-2\files-2.1\org.springframework.boot\spring-boot-starter-json\3.5.7\71784cc8ed3a1a2fdcfd54bda22ccbacf2232751\spring-boot-starter-json-3.5.7.jar;C:\Users\human-09\.gradle\caches\modules-2\files-2.1\org.springframework.boot\spring-boot-starter\3.5.7\ea4a8ad9f4df7d94250d643aa278c3353cd88c5\spring-boot-starter-3.5.7.jar;C:\Users\human-09\.gradle\caches\modules-2\files-2.1\org.springframework.boot\spring-boot-autoconfigure\3.5.7\8a1918c778e52c21a102363536320d71289650b4\spring-boot-autoconfigure-3.5.7.jar;C:\Users\human-09\.gradle\caches\modules-2\files-2.1\org.springframework.boot\spring-boot\3.5.7\6c9db579b4669ec4ad6444ca84775d193c513ae2\spring-boot-3.5.7.jar;C:\Users\human-09\.gradle\caches\modules-2\files-2.1\org.hibernate.orm\hibernate-core\6.6.33.Final\359cdbdc4c75f8fedd9203f98c95413bbca5820e\hibernate-core-6.6.33.Final.jar;C:\Users\human-09\.gradle\caches\modules-2\files-2.1\org.springframework.data\spring-data-jpa\3.5.5\f9b4de5f7e69ab60cb144a052c44ac062b1d018\spring-data-jpa-3.5.5.jar;C:\Users\human-09\.gradle\caches\modules-2\files-2.1\org.springframework\spring-aspects\6.2.12\14702fc62ef23402cf8cd24e2e4e72708bac4a02\spring-aspects-6.2.12.jar;C:\Users\human-09\.gradle\caches\modules-2\files-2.1\org.thymeleaf\thymeleaf-spring6\3.1.3.RELEASE\4b276ea2bd536a18e44b40ff1d9f4848965ff59c\thymeleaf-spring6-3.1.3.RELEASE.jar;C:\Users\human-09\.gradle\caches\modules-2\files-2.1\org.springframework.boot\spring-boot-starter-tomcat\3.5.7\14dfae9a2c9f61fc382845959bc9f7b236840994\spring-boot-starter-tomcat-3.5.7.jar;C:\Users\human-09\.gradle\caches\modules-2\files-2.1\org.apache.tomcat.embed\tomcat-embed-el\10.1.48\220294d3a81451f793c9c54af16a9f04f8ec5824\tomcat-embed-el-10.1.48.jar;C:\Users\human-09\.gradle\caches\modules-2\files-2.1\org.hibernate.validator\hibernate-validator\8.0.3.Final\4425f554297a1c5ba03a3f30e559a9fd91048cf8\hibernate-validator-8.0.3.Final.jar;C:\Users\human-09\.gradle\caches\modules-2\files-2.1\org.springframework\spring-webmvc\6.2.12\550aea6677c8db7e7ad07b47068b57de4e1a13e9\spring-webmvc-6.2.12.jar;C:\Users\human-09\.gradle\caches\modules-2\files-2.1\org.springframework\spring-web\6.2.12\58bdd67728631b561a8b9cf4249a0d990bb3ef88\spring-web-6.2.12.jar;C:\Users\human-09\.gradle\caches\modules-2\files-2.1\org.springframework\spring-context\6.2.12\fdeff8060a111920fd38d5a23d48bc7b772d44c4\spring-context-6.2.12.jar;C:\Users\human-09\.gradle\caches\modules-2\files-2.1\org.springframework\spring-orm\6.2.12\83538a5de92261ed86856975358d32292dde0a94\spring-orm-6.2.12.jar;C:\Users\human-09\.gradle\caches\modules-2\files-2.1\org.springframework\spring-jdbc\6.2.12\9dcb388d984891e32ff6af96abdb582a27a7c41c\spring-jdbc-6.2.12.jar;C:\Users\human-09\.gradle\caches\modules-2\files-2.1\org.springframework.data\spring-data-commons\3.5.5\170e595353fee2d804603df2f44f1dcbd4140ffd\spring-data-commons-3.5.5.jar;C:\Users\human-09\.gradle\caches\modules-2\files-2.1\org.springframework\spring-aop\6.2.12\12d9001a3e38baf348c4c076efa3e4b7515f9048\spring-aop-6.2.12.jar;C:\Users\human-09\.gradle\caches\modules-2\files-2.1\org.springframework\spring-tx\6.2.12\b1c1ee583c4f1dd6bef6887622cdc56fbb2a3090\spring-tx-6.2.12.jar;C:\Users\human-09\.gradle\caches\modules-2\files-2.1\org.springframework\spring-beans\6.2.12\3f344e97550207fac50a5b3376cc9e59ecb02df\spring-beans-6.2.12.jar;C:\Users\human-09\.gradle\caches\modules-2\files-2.1\org.springframework\spring-expression\6.2.12\aa5033d9e583aafc972b205618de13c5242c9cf5\spring-expression-6.2.12.jar;C:\Users\human-09\.gradle\caches\modules-2\files-2.1\org.springframework\spring-core\6.2.12\298bd954610442d54b276f911d3490372ab62117\spring-core-6.2.12.jar;C:\Users\human-09\.gradle\caches\modules-2\files-2.1\org.springframework.boot\spring-boot-starter-logging\3.5.7\3d2f969f8fcf7ca6017425144fe88c4f49dd880b\spring-boot-starter-logging-3.5.7.jar;C:\Users\human-09\.gradle\caches\modules-2\files-2.1\jakarta.annotation\jakarta.annotation-api\2.1.1\48b9bda22b091b1f48b13af03fe36db3be6e1ae3\jakarta.annotation-api-2.1.1.jar;C:\Users\human-09\.gradle\caches\modules-2\files-2.1\org.yaml\snakeyaml\2.4\e0666b825b796f85521f02360e77f4c92c5a7a07\snakeyaml-2.4.jar;C:\Users\human-09\.gradle\caches\modules-2\files-2.1\com.zaxxer\HikariCP\6.3.3\7c5aec1e47a97ff40977e0193018865304ea9585\HikariCP-6.3.3.jar;C:\Users\human-09\.gradle\caches\modules-2\files-2.1\jakarta.persistence\jakarta.persistence-api\3.1.0\66901fa1c373c6aff65c13791cc11da72060a8d6\jakarta.persistence-api-3.1.0.jar;C:\Users\human-09\.gradle\caches\modules-2\files-2.1\jakarta.transaction\jakarta.transaction-api\2.0.1\51a520e3fae406abb84e2e1148e6746ce3f80a1a\jakarta.transaction-api-2.0.1.jar;C:\Users\human-09\.gradle\caches\modules-2\files-2.1\org.jboss.logging\jboss-logging\3.6.1.Final\886afbb445b4016a37c8960a7aef6ebd769ce7e5\jboss-logging-3.6.1.Final.jar;C:\Users\human-09\.gradle\caches\modules-2\files-2.1\org.hibernate.common\hibernate-commons-annotations\7.0.3.Final\e183c4be8bb41d12e9f19b374e00c34a0a85f439\hibernate-commons-annotations-7.0.3.Final.jar;C:\Users\human-09\.gradle\caches\modules-2\files-2.1\io.smallrye\jandex\3.2.0\f17ad860f62a08487b9edabde608f8ac55c62fa7\jandex-3.2.0.jar;C:\Users\human-09\.gradle\caches\modules-2\files-2.1\com.fasterxml\classmate\1.7.1\e803194e4362a2c0585087c5f315682897d12f00\classmate-1.7.1.jar;C:\Users\human-09\.gradle\caches\modules-2\files-2.1\net.bytebuddy\byte-buddy\1.17.8\af5735f63d00ca47a9375fae5c7471a36331c6ed\byte-buddy-1.17.8.jar;C:\Users\human-09\.gradle\caches\modules-2\files-2.1\org.glassfish.jaxb\jaxb-runtime\4.0.6\fb95ebb62564657b2fedfe165b859789ef3a8711\jaxb-runtime-4.0.6.jar;C:\Users\human-09\.gradle\caches\modules-2\files-2.1\org.glassfish.jaxb\jaxb-core\4.0.6\8e61282303777fc98a00cc3affd0560d68748a75\jaxb-core-4.0.6.jar;C:\Users\human-09\.gradle\caches\modules-2\files-2.1\jakarta.xml.bind\jakarta.xml.bind-api\4.0.4\d6d2327f3817d9a33a3b6b8f2e15a96bc2e7afdc\jakarta.xml.bind-api-4.0.4.jar;C:\Users\human-09\.gradle\caches\modules-2\files-2.1\jakarta.inject\jakarta.inject-api\2.0.1\4c28afe1991a941d7702fe1362c365f0a8641d1e\jakarta.inject-api-2.0.1.jar;C:\Users\human-09\.gradle\caches\modules-2\files-2.1\org.antlr\antlr4-runtime\4.13.0\5a02e48521624faaf5ff4d99afc88b01686af655\antlr4-runtime-4.13.0.jar;C:\Users\human-09\.gradle\caches\modules-2\files-2.1\org.thymeleaf\thymeleaf\3.1.3.RELEASE\51474f2a90b282ee97dabcd159c7faf24790f373\thymeleaf-3.1.3.RELEASE.jar;C:\Users\human-09\.gradle\caches\modules-2\files-2.1\ch.qos.logback\logback-classic\1.5.20\3db675c8bc2f791612721d177ba54021eed3ade9\logback-classic-1.5.20.jar;C:\Users\human-09\.gradle\caches\modules-2\files-2.1\org.apache.logging.log4j\log4j-to-slf4j\2.24.3\da1143e2a2531ee1c2d90baa98eb50a28a39d5a7\log4j-to-slf4j-2.24.3.jar;C:\Users\human-09\.gradle\caches\modules-2\files-2.1\org.slf4j\jul-to-slf4j\2.0.17\524cb6ccc2b68a57604750e1ab8b13b5a786a6aa\jul-to-slf4j-2.0.17.jar;C:\Users\human-09\.gradle\caches\modules-2\files-2.1\org.slf4j\slf4j-api\2.0.17\d9e58ac9c7779ba3bf8142aff6c830617a7fe60f\slf4j-api-2.0.17.jar;C:\Users\human-09\.gradle\caches\modules-2\files-2.1\org.aspectj\aspectjweaver\1.9.24\9b5aeb0cea9f958b9c57fb80e62996e95a3e9379\aspectjweaver-1.9.24.jar;C:\Users\human-09\.gradle\caches\modules-2\files-2.1\jakarta.validation\jakarta.validation-api\3.0.2\92b6631659ba35ca09e44874d3eb936edfeee532\jakarta.validation-api-3.0.2.jar;C:\Users\human-09\.gradle\caches\modules-2\files-2.1\com.fasterxml.jackson.datatype\jackson-datatype-jsr310\2.19.2\72e73f048b36d9df82aef146bf8b2ae63b2e28e2\jackson-datatype-jsr310-2.19.2.jar;C:\Users\human-09\.gradle\caches\modules-2\files-2.1\com.fasterxml.jackson.module\jackson-module-parameter-names\2.19.2\3c4ce467c11364c72ec4967c570fd5a2d1be1d0b\jackson-module-parameter-names-2.19.2.jar;C:\Users\human-09\.gradle\caches\modules-2\files-2.1\com.fasterxml.jackson.core\jackson-annotations\2.19.2\c5381f11988ae3d424b197a26087d86067b6d7d\jackson-annotations-2.19.2.jar;C:\Users\human-09\.gradle\caches\modules-2\files-2.1\com.fasterxml.jackson.core\jackson-core\2.19.2\50f3b4bd59b9ff51a0ed493e7b5abaf5c39709bf\jackson-core-2.19.2.jar;C:\Users\human-09\.gradle\caches\modules-2\files-2.1\com.fasterxml.jackson.datatype\jackson-datatype-jdk8\2.19.2\a720d3946c3a1ab04b780f3b3163d62eee6948a0\jackson-datatype-jdk8-2.19.2.jar;C:\Users\human-09\.gradle\caches\modules-2\files-2.1\com.fasterxml.jackson.core\jackson-databind\2.19.2\46509399d28f57ca32c6bb4b0d4e10e8f062051e\jackson-databind-2.19.2.jar;C:\Users\human-09\.gradle\caches\modules-2\files-2.1\org.apache.tomcat.embed\tomcat-embed-websocket\10.1.48\7fd0d1c6eae6c43106763e458640f4f8868a4ec3\tomcat-embed-websocket-10.1.48.jar;C:\Users\human-09\.gradle\caches\modules-2\files-2.1\org.apache.tomcat.embed\tomcat-embed-core\10.1.48\d4c095a353c839a23a401ce9afbcb52d5be97b69\tomcat-embed-core-10.1.48.jar;C:\Users\human-09\.gradle\caches\modules-2\files-2.1\io.micrometer\micrometer-observation\1.15.5\60956d6926392e0abef3d34dfcabdc4b013953c8\micrometer-observation-1.15.5.jar;C:\Users\human-09\.gradle\caches\modules-2\files-2.1\org.springframework\spring-jcl\6.2.12\d127f5020441b3cfe197668d32a327391587ff59\spring-jcl-6.2.12.jar;C:\Users\human-09\.gradle\caches\modules-2\files-2.1\org.eclipse.angus\angus-activation\2.0.3\7f80607ea5014fef0b1779e6c33d63a88a45a563\angus-activation-2.0.3.jar;C:\Users\human-09\.gradle\caches\modules-2\files-2.1\jakarta.activation\jakarta.activation-api\2.1.4\9e5c2a0d75dde71a0bedc4dbdbe47b78a5dc50f8\jakarta.activation-api-2.1.4.jar;C:\Users\human-09\.gradle\caches\modules-2\files-2.1\org.attoparser\attoparser\2.0.7.RELEASE\e5d0e988d9124139d645bb5872b24dfa23e283cc\attoparser-2.0.7.RELEASE.jar;C:\Users\human-09\.gradle\caches\modules-2\files-2.1\org.unbescape\unbescape\1.1.6.RELEASE\7b90360afb2b860e09e8347112800d12c12b2a13\unbescape-1.1.6.RELEASE.jar;C:\Users\human-09\.gradle\caches\modules-2\files-2.1\io.micrometer\micrometer-commons\1.15.5\c7136877f2d8aed7627ef850f25ad2e6e71271dc\micrometer-commons-1.15.5.jar;C:\Users\human-09\.gradle\caches\modules-2\files-2.1\ch.qos.logback\logback-core\1.5.20\c5e87126a18d729240c683db179a9387b2daa632\logback-core-1.5.20.jar;C:\Users\human-09\.gradle\caches\modules-2\files-2.1\org.apache.logging.log4j\log4j-api\2.24.3\b02c125db8b6d295adf72ae6e71af5d83bce2370\log4j-api-2.24.3.jar;C:\Users\human-09\.gradle\caches\modules-2\files-2.1\org.glassfish.jaxb\txw2\4.0.6\4f4cd53b5ff9a2c5aa1211f15ed2569c57dfb044\txw2-4.0.6.jar;C:\Users\human-09\.gradle\caches\modules-2\files-2.1\com.sun.istack\istack-commons-runtime\4.1.2\18ec117c85f3ba0ac65409136afa8e42bc74e739\istack-commons-runtime-4.1.2.jar
Launcher Type: SUN_STANDARD

[Global flags]
     intx CICompilerCount                          = 4                                         {product} {ergonomic}
     uint ConcGCThreads                            = 2                                         {product} {ergonomic}
     uint G1ConcRefinementThreads                  = 8                                         {product} {ergonomic}
   size_t G1HeapRegionSize                         = 2097152                                   {product} {ergonomic}
    uintx GCDrainStackTargetSize                   = 64                                        {product} {ergonomic}
   size_t InitialHeapSize                          = 268435456                                 {product} {ergonomic}
   size_t MarkStackSize                            = 4194304                                   {product} {ergonomic}
   size_t MaxHeapSize                              = 4276092928                                {product} {ergonomic}
   size_t MaxNewSize                               = 2564816896                                {product} {ergonomic}
   size_t MinHeapDeltaBytes                        = 2097152                                   {product} {ergonomic}
   size_t MinHeapSize                              = 8388608                                   {product} {ergonomic}
    uintx NonNMethodCodeHeapSize                   = 5839372                                {pd product} {ergonomic}
    uintx NonProfiledCodeHeapSize                  = 122909434                              {pd product} {ergonomic}
    uintx ProfiledCodeHeapSize                     = 122909434                              {pd product} {ergonomic}
    uintx ReservedCodeCacheSize                    = 251658240                              {pd product} {ergonomic}
     bool SegmentedCodeCache                       = true                                      {product} {ergonomic}
   size_t SoftMaxHeapSize                          = 4276092928                             {manageable} {ergonomic}
     bool UseCompressedOops                        = true                           {product lp64_product} {ergonomic}
     bool UseG1GC                                  = true                                      {product} {ergonomic}
     bool UseLargePagesIndividualAllocation        = false                                  {pd product} {ergonomic}

Logging:
Log output configuration:
 #0: stdout all=warning uptime,level,tags foldmultilines=false
 #1: stderr all=off uptime,level,tags foldmultilines=false

Environment Variables:
JAVA_HOME=C:\Program Files\Java\jdk-21.0.2
PATH=D:\Oracle19c-X64\bin;C:\WINDOWS\system32;C:\WINDOWS;C:\WINDOWS\System32\Wbem;C:\WINDOWS\System32\WindowsPowerShell\v1.0\;C:\WINDOWS\System32\OpenSSH\;C:\Program Files\Bandizip\;C:\Program Files\Git\cmd;C:\Program Files\TortoiseGit\bin;C:\Users\human-09\AppData\Local\Programs\Python\Launcher\;C:\Program Files\Java\jdk-21.0.2\bin;C:\Users\human-09\AppData\Local\Programs\Microsoft VS Code\bin;C:\Users\human-09\AppData\Local\Programs\Python\Python313;C:\Users\human-09\AppData\Local\Programs\Python\Python313\Scripts;;C:\Program Files\JetBrains\IntelliJ IDEA Community Edition 2022.3.3\bin;
USERNAME=human-09
OS=Windows_NT
PROCESSOR_IDENTIFIER=Intel64 Family 6 Model 60 Stepping 3, GenuineIntel
TMP=C:\Users\human-09\AppData\Local\Temp
TEMP=C:\Users\human-09\AppData\Local\Temp




Periodic native trim disabled

---------------  S Y S T E M  ---------------

OS:
 Windows 10 , 64 bit Build 19041 (10.0.19041.5915)
OS uptime: 0 days 3:43 hours

CPU: total 8 (initial active 8) (4 cores per cpu, 2 threads per core) family 6 model 60 stepping 3 microcode 0x27, cx8, cmov, fxsr, ht, mmx, sse, sse2, sse3, ssse3, sse4.1, sse4.2, popcnt, lzcnt, tsc, tscinvbit, avx, avx2, aes, erms, clmul, bmi1, bmi2, fma, vzeroupper, clflush, rdtscp, f16c
Processor Information for all 8 processors :
  Max Mhz: 3401, Current Mhz: 3401, Mhz Limit: 3401

Memory: 4k page, system-wide physical 16305M (5355M free)
TotalPageFile size 31485M (AvailPageFile size 6M)
current process WorkingSet (physical memory assigned to process): 313M, peak: 317M
current process commit charge ("private bytes"): 353M, peak: 424M

vm_info: OpenJDK 64-Bit Server VM (21.0.2+13-58) for windows-amd64 JRE (21.0.2+13-58), built on 2024-01-05T18:32:24Z by "mach5one" with MS VC++ 17.1 (VS2022)

END.
